[info] Log at : 2024/3/4|22:57:43|GMT+0800

[info] Log at : 2024/3/4|23:31:17|GMT+0800

[info] Log at : 2024/3/4|23:31:25|GMT+0800

[info] Log at : 2024/3/4|23:34:36|GMT+0800

[info] Log at : 2024/3/4|23:35:14|GMT+0800

[info] Log at : 2024/3/4|23:35:34|GMT+0800

[info] Log at : 2024/3/4|23:35:37|GMT+0800

[info] Log at : 2024/3/4|23:38:53|GMT+0800

[info] Log at : 2024/3/4|23:45:15|GMT+0800

[info] Log at : 2024/3/4|23:45:27|GMT+0800

[info] Log at : 2024/3/5|08:07:59|GMT+0800

[info] Log at : 2024/3/5|19:16:13|GMT+0800

[info] Log at : 2024/3/5|19:17:00|GMT+0800

[info] Log at : 2024/3/6|21:11:07|GMT+0800

[info] Log at : 2024/3/6|21:29:02|GMT+0800

[info] Log at : 2024/3/6|22:03:02|GMT+0800

[info] Log at : 2024/3/6|22:30:57|GMT+0800

[info] Log at : 2024/3/6|23:15:11|GMT+0800

[info] Log at : 2024/3/9|14:47:12|GMT+0800

[info] Log at : 2024/3/10|10:17:17|GMT+0800

[info] Log at : 2024/3/10|10:59:48|GMT+0800

[info] Log at : 2024/3/15|23:00:06|GMT+0800

[info] Log at : 2024/3/15|23:03:18|GMT+0800

[info] Log at : 2024/3/15|23:18:53|GMT+0800

[info] Log at : 2024/3/15|23:31:35|GMT+0800

[info] Log at : 2024/3/15|23:42:22|GMT+0800

[info] Log at : 2024/3/15|23:44:11|GMT+0800

[info] Log at : 2024/3/16|18:17:12|GMT+0800

[info] Log at : 2024/3/16|18:19:32|GMT+0800

[info] Log at : 2024/3/16|23:05:09|GMT+0800

[info] Log at : 2024/3/16|23:13:02|GMT+0800

[info] Log at : 2024/3/16|23:24:45|GMT+0800

[info] Log at : 2024/3/16|23:26:31|GMT+0800

[info] Log at : 2024/3/16|23:26:52|GMT+0800

[info] Log at : 2024/3/16|23:35:40|GMT+0800

[info] Log at : 2024/3/16|23:35:59|GMT+0800

[info] Log at : 2024/3/16|23:39:45|GMT+0800

[info] Log at : 2024/3/17|15:35:34|GMT+0800

[info] Log at : 2024/3/17|19:29:34|GMT+0800

[info] Log at : 2024/3/18|12:35:12|GMT+0800

[info] Log at : 2024/3/18|22:39:09|GMT+0800

[info] Log at : 2024/3/19|09:30:54|GMT+0800

[info] Log at : 2024/3/23|08:24:39|GMT+0800

[info] Log at : 2024/3/23|08:27:20|GMT+0800

[info] Log at : 2024/3/23|08:31:58|GMT+0800

[SyntaxError: Expected double-quoted property name in JSON at position 2272 (line 91 column 5)
	at JSON.parse (<anonymous>)
	at F.updateCppProperties (c:\Users\97028\.vscode\extensions\cl.keil-assistant-1.7.0\dist\extension.js:1:10911)
	at F.<anonymous> (c:\Users\97028\.vscode\extensions\cl.keil-assistant-1.7.0\dist\extension.js:1:12641)
	at Generator.next (<anonymous>)
	at c:\Users\97028\.vscode\extensions\cl.keil-assistant-1.7.0\dist\extension.js:1:4542
	at new Promise (<anonymous>)
	at r (c:\Users\97028\.vscode\extensions\cl.keil-assistant-1.7.0\dist\extension.js:1:4287)
	at F.load (c:\Users\97028\.vscode\extensions\cl.keil-assistant-1.7.0\dist\extension.js:1:11372)
	at w.<anonymous> (c:\Users\97028\.vscode\extensions\cl.keil-assistant-1.7.0\dist\extension.js:1:8799)
	at Generator.next (<anonymous>)
	at a (c:\Users\97028\.vscode\extensions\cl.keil-assistant-1.7.0\dist\extension.js:1:4344)]
